2025-11-27T00:04:04.282Z | dasatron -> ondansetron
2025-11-27T00:04:04.291Z | meripitant -> maropitant
2025-11-27T00:04:04.304Z | rimydal -> rimadyl
2025-11-27T00:04:15.897Z | dasatron -> ondansetron
2025-11-27T00:04:15.912Z | times -> sirs
2025-11-27T00:04:46.670Z | dasatron -> ondansetron
2025-11-27T00:04:46.673Z | meripitant -> maropitant
2025-11-27T00:04:46.677Z | rimydal -> rimadyl
2025-11-27T00:04:53.309Z | dasatron -> ondansetron
2025-11-27T00:04:53.311Z | meripitant -> maropitant
2025-11-27T00:04:53.312Z | furosemade -> furosemide
2025-11-27T00:04:53.333Z | rimydal -> rimadyl
2025-11-27T00:09:02.276Z | which -> shock
2025-11-27T00:09:02.284Z | should -> shock
2025-11-27T00:09:33.449Z | which -> shock
2025-11-27T00:09:33.456Z | should -> shock
2025-11-27T00:10:36.402Z | start -> sirs
2025-11-27T00:10:36.405Z | Furosamide -> Furosemide
2025-11-27T00:11:17.797Z | start -> sirs
2025-11-27T00:11:17.802Z | Furosamide -> Furosemide
2025-11-27T00:13:21.127Z | start -> sirs
2025-11-27T00:15:40.427Z | clinic -> colitis
2025-11-27T00:15:40.436Z | sir's -> sirs
2025-11-27T00:15:56.574Z | clinic -> colitis
2025-11-27T00:15:56.605Z | sir's -> sirs
2025-11-27T00:16:10.688Z | clinic -> colitis
2025-11-27T00:16:10.700Z | sir's -> sirs
2025-11-27T00:16:18.766Z | sirs -> start
2025-11-27T00:16:18.784Z | sirs -> start
2025-11-27T00:16:18.812Z | clinic -> colitis
2025-11-27T00:16:18.816Z | sir's -> sirs
2025-11-27T00:16:27.758Z | dasatron -> ondansetron
2025-11-27T00:16:27.762Z | sirs -> start
2025-11-27T00:17:31.931Z | start -> sirs
2025-11-27T00:17:57.893Z | start -> sirs
2025-11-27T00:19:45.047Z | sirs -> start
2025-11-27T00:19:45.088Z | dasatron -> ondansetron
2025-11-27T00:20:40.698Z | start -> sirs
2025-11-27T00:20:40.842Z | gabapentine -> gabapentin
2025-11-27T00:21:04.409Z | start -> sirs
2025-11-27T00:21:04.414Z | gabapentine -> gabapentin
2025-11-27T00:22:22.612Z | start -> sirs
2025-11-27T00:22:22.615Z | gabapentine -> gabapentin
2025-11-27T00:22:38.407Z | sirs -> start
2025-11-27T00:23:05.602Z | sirs -> start
2025-11-27T00:24:08.563Z | sirs -> start
2025-11-27T00:25:00.943Z | start -> sirs
2025-11-27T00:25:53.768Z | sirs -> start
2025-11-27T00:26:43.706Z | start -> sirs
2025-11-27T00:31:36.449Z | sirs -> start
2025-11-27T00:31:44.624Z | clinic -> colitis
2025-11-27T00:32:27.316Z | right -> imha
2025-11-27T00:32:27.335Z | gabapentine -> gabapentin
2025-11-27T00:32:48.817Z | right -> imha
2025-11-27T01:05:04.328Z | meripitant -> maropitant
2025-11-27T01:05:04.350Z | ondansitron -> ondansetron
2025-11-27T01:05:04.350Z | rymadyll -> rimadyl
2025-11-27T01:05:04.351Z | gabapentine -> gabapentin
2025-11-27T01:05:04.357Z | amloadipine -> amlodipine
2025-11-27T01:05:04.358Z | metradazole -> metronidazole
2025-11-27T01:05:04.359Z | methocarbonol -> methocarbamol
2025-11-27T01:05:16.489Z | cerinia -> cerenia
2025-11-27T01:05:16.490Z | serenia -> cerenia
2025-11-27T01:05:16.491Z | limadol -> rimadyl
2025-11-27T01:05:16.492Z | rumadol -> rimadyl
2025-11-27T01:05:16.492Z | ondansitron -> ondansetron
2025-11-27T01:05:16.492Z | meripitant -> maropitant
2025-11-27T01:05:16.493Z | sirs -> start
2025-11-27T01:17:37.258Z | apoquil -> apoquel
2025-11-27T01:17:37.263Z | clavimox -> clavamox
2025-11-27T01:17:37.270Z | ronadol -> rimadyl
2025-11-27T01:17:37.271Z | hydroxazine -> hydroxyzine
2025-11-27T01:17:37.272Z | gabapentine -> gabapentin
2025-11-27T01:17:37.272Z | carpofen -> carprofen
2025-11-27T01:17:43.007Z | gabapentine -> gabapentin
2025-11-27T01:17:49.725Z | gabapentine -> gabapentin
2025-11-27T01:17:49.826Z | gabapentine -> gabapentin
2025-11-27T01:18:15.919Z | rimydal -> rimadyl
2025-11-27T01:18:16.006Z | gabapentine -> gabapentin
2025-11-27T01:18:16.007Z | apoquil -> apoquel
2025-11-27T01:18:16.007Z | clavimox -> clavamox
2025-11-27T01:18:26.257Z | apoquil -> apoquel
2025-11-27T01:18:26.261Z | clavimox -> clavamox
2025-11-27T01:18:26.262Z | ronadol -> rimadyl
2025-11-27T01:18:26.265Z | hydroxazine -> hydroxyzine
2025-11-27T01:18:26.266Z | gabapentine -> gabapentin
2025-11-27T01:18:26.266Z | carpofen -> carprofen
2025-11-27T01:18:26.267Z | rimydal -> rimadyl
2025-11-27T01:18:26.268Z | rimydal -> rimadyl
2025-11-27T01:22:20.183Z | carprofine -> carprofen
2025-11-27T01:22:20.202Z | apoquil -> apoquel
2025-11-27T01:22:20.226Z | hydroxazine -> hydroxyzine
2025-11-27T01:23:10.943Z | rimadol -> rimadyl
2026-01-06T20:25:55.877Z | otitis -> colitis
2026-01-06T20:26:13.436Z | otitis -> colitis
2026-01-25T02:23:35.139Z | leukemia -> uremia
